SF:lib/data/datasources/movie_local_data_source.dart
DA:16,1
DA:19,1
DA:21,3
DA:24,2
DA:29,1
DA:31,3
DA:34,2
DA:39,1
DA:40,3
DA:42,1
DA:49,1
DA:50,3
DA:51,4
LF:13
LH:13
end_of_record
SF:lib/data/models/movie_table.dart
DA:14,16
DA:23,4
DA:24,2
DA:25,2
DA:26,2
DA:27,2
DA:28,2
DA:29,2
DA:31,4
DA:32,2
DA:33,2
DA:34,2
DA:35,2
DA:36,2
DA:37,2
DA:40,2
DA:41,1
DA:42,1
DA:43,1
DA:44,1
DA:45,1
DA:46,1
DA:49,4
DA:50,2
DA:51,2
DA:52,2
DA:53,2
DA:54,2
DA:55,2
DA:58,3
DA:59,3
DA:60,3
DA:61,3
DA:62,3
DA:63,3
DA:64,3
DA:65,3
LF:37
LH:37
end_of_record
SF:lib/domain/entities/genre.dart
DA:7,16
DA:12,2
DA:13,6
LF:3
LH:3
end_of_record
SF:lib/domain/entities/media_image.dart
DA:9,13
DA:16,1
DA:17,5
LF:3
LH:3
end_of_record
SF:lib/domain/entities/movie.dart
DA:15,7
DA:27,3
DA:36,3
DA:37,3
DA:38,3
DA:39,3
DA:40,3
DA:41,3
DA:42,3
DA:43,3
DA:44,3
DA:45,3
DA:46,3
LF:13
LH:13
end_of_record
SF:lib/domain/entities/movie_detail.dart
DA:16,16
DA:29,2
DA:30,2
DA:31,2
DA:32,2
DA:33,2
DA:34,2
DA:35,2
DA:36,2
DA:37,2
DA:38,2
DA:39,2
LF:12
LH:12
end_of_record
SF:lib/data/datasources/db/movie_database_helper.dart
DA:9,0
DA:13,0
DA:14,0
DA:18,0
DA:19,0
DA:25,0
DA:26,0
DA:27,0
DA:29,0
DA:33,0
DA:34,0
DA:43,0
DA:46,0
DA:47,0
DA:48,0
DA:51,0
DA:52,0
DA:53,0
DA:56,0
DA:60,0
DA:61,0
DA:62,0
DA:65,0
DA:68,0
DA:69,0
DA:75,0
DA:76,0
DA:78,0
LF:28
LH:0
end_of_record
SF:lib/data/datasources/movie_remote_data_source.dart
DA:25,1
DA:28,1
DA:29,4
DA:31,2
DA:32,4
DA:34,1
DA:39,1
DA:40,4
DA:42,2
DA:43,4
DA:45,1
DA:50,1
DA:51,4
DA:53,2
DA:54,4
DA:56,1
DA:61,1
DA:62,5
DA:64,2
DA:65,3
DA:67,1
DA:72,1
DA:73,5
DA:75,2
DA:76,4
DA:78,1
DA:83,1
DA:84,5
DA:86,2
DA:87,4
DA:89,1
DA:94,1
DA:95,5
DA:97,2
DA:98,3
DA:100,1
LF:36
LH:36
end_of_record
SF:lib/data/models/media_image_model.dart
DA:11,2
DA:18,1
DA:19,1
DA:20,1
DA:21,1
DA:22,4
DA:24,1
DA:25,4
DA:27,1
DA:28,4
DA:32,2
DA:33,1
DA:34,1
DA:35,1
DA:36,1
DA:39,1
DA:40,1
DA:41,1
DA:42,1
DA:43,1
DA:44,1
LF:21
LH:21
end_of_record
SF:lib/data/models/movie_detail_response.dart
DA:17,4
DA:30,2
DA:31,2
DA:32,2
DA:33,2
DA:34,8
DA:35,2
DA:36,2
DA:37,2
DA:38,2
DA:39,2
DA:40,2
DA:41,4
DA:42,2
DA:45,2
DA:46,1
DA:47,5
DA:48,1
DA:49,1
DA:50,1
DA:51,1
DA:52,1
DA:53,1
DA:54,1
DA:55,1
DA:58,4
DA:59,2
DA:60,10
DA:61,2
DA:62,2
DA:63,2
DA:64,2
DA:65,2
DA:66,2
DA:67,2
DA:68,2
DA:71,2
DA:72,2
DA:73,2
DA:74,2
DA:75,2
DA:76,2
DA:77,2
DA:78,2
DA:79,2
DA:80,2
DA:81,2
DA:82,2
LF:48
LH:48
end_of_record
SF:lib/data/models/movie_model.dart
DA:16,5
DA:28,4
DA:29,2
DA:30,8
DA:31,2
DA:32,2
DA:33,2
DA:34,2
DA:35,2
DA:36,4
DA:37,2
DA:40,2
DA:41,1
DA:42,4
DA:43,1
DA:44,1
DA:45,1
DA:46,1
DA:47,1
DA:48,1
DA:49,1
DA:52,4
DA:53,2
DA:54,2
DA:55,2
DA:56,2
DA:57,2
DA:58,2
DA:59,2
DA:60,2
DA:61,2
DA:64,2
DA:65,2
DA:66,2
DA:67,2
DA:68,2
DA:69,2
DA:70,2
DA:71,2
DA:72,2
DA:73,2
DA:74,2
LF:42
LH:42
end_of_record
SF:lib/data/models/movie_response.dart
DA:8,3
DA:10,4
DA:11,4
DA:12,6
DA:13,4
DA:14,4
DA:17,2
DA:18,5
DA:21,1
DA:22,2
LF:10
LH:10
end_of_record
SF:lib/data/models/genre_model.dart
DA:9,4
DA:14,4
DA:15,2
DA:16,2
DA:19,2
DA:20,1
DA:21,1
DA:24,4
DA:25,2
DA:26,2
DA:29,2
DA:30,6
LF:12
LH:12
end_of_record
SF:lib/data/repositories/movie_repository_impl.dart
DA:19,1
DA:25,1
DA:27,3
DA:28,5
DA:29,1
DA:31,1
DA:37,1
DA:39,3
DA:40,5
DA:41,1
DA:43,1
DA:49,1
DA:51,3
DA:52,5
DA:53,1
DA:55,1
DA:61,1
DA:63,3
DA:64,2
DA:65,1
DA:67,1
DA:73,1
DA:75,3
DA:76,3
DA:77,1
DA:79,1
DA:85,1
DA:87,3
DA:88,5
DA:89,1
DA:91,1
DA:97,1
DA:99,3
DA:100,2
DA:101,1
DA:103,1
DA:109,1
DA:112,4
DA:113,1
DA:114,1
DA:115,3
DA:122,1
DA:125,4
DA:126,1
DA:127,1
DA:128,3
DA:133,1
DA:134,3
DA:139,1
DA:140,3
DA:141,5
LF:51
LH:51
end_of_record
SF:lib/domain/usecases/get_top_rated_movies.dart
DA:10,1
DA:12,1
DA:13,2
LF:3
LH:3
end_of_record
SF:lib/domain/usecases/get_movie_images.dart
DA:10,1
DA:12,1
DA:13,2
LF:3
LH:3
end_of_record
SF:lib/domain/usecases/get_movie_detail.dart
DA:10,1
DA:12,1
DA:13,2
LF:3
LH:3
end_of_record
SF:lib/domain/usecases/save_watchlist_movie.dart
DA:10,1
DA:12,1
DA:13,2
LF:3
LH:3
end_of_record
SF:lib/domain/usecases/get_movie_watchlist_status.dart
DA:6,1
DA:10,1
DA:11,2
LF:3
LH:3
end_of_record
SF:lib/domain/usecases/get_movie_recommendations.dart
DA:10,1
DA:12,1
DA:13,2
LF:3
LH:3
end_of_record
SF:lib/domain/usecases/get_watchlist_movies.dart
DA:10,1
DA:12,1
DA:13,2
LF:3
LH:3
end_of_record
SF:lib/domain/usecases/get_now_playing_movies.dart
DA:10,1
DA:12,1
DA:13,2
LF:3
LH:3
end_of_record
SF:lib/domain/usecases/remove_watchlist_movie.dart
DA:10,1
DA:12,1
DA:13,2
LF:3
LH:3
end_of_record
SF:lib/domain/usecases/get_popular_movies.dart
DA:10,1
DA:12,1
DA:13,2
LF:3
LH:3
end_of_record
SF:lib/presentation/provider/movie_detail_notifier.dart
DA:23,1
DA:32,2
DA:35,2
DA:38,2
DA:41,2
DA:44,2
DA:47,2
DA:50,2
DA:52,1
DA:53,1
DA:54,1
DA:56,3
DA:57,3
DA:58,1
DA:59,1
DA:60,1
DA:61,2
DA:62,1
DA:64,1
DA:65,1
DA:66,1
DA:67,1
DA:68,1
DA:69,1
DA:70,1
DA:71,2
DA:73,1
DA:74,1
DA:75,1
DA:78,1
DA:79,1
DA:84,1
DA:85,3
DA:87,2
DA:88,1
DA:89,2
DA:91,1
DA:92,1
DA:96,3
DA:99,1
DA:100,3
DA:102,2
DA:103,0
DA:104,0
DA:106,1
DA:107,1
DA:111,3
DA:114,1
DA:115,3
DA:116,1
DA:117,1
LF:51
LH:49
end_of_record
SF:lib/presentation/provider/watchlist_movie_notifier.dart
DA:9,2
DA:12,2
DA:15,2
DA:17,1
DA:21,1
DA:22,1
DA:23,1
DA:25,3
DA:26,1
DA:27,1
DA:28,1
DA:29,2
DA:30,1
DA:32,1
DA:33,1
DA:34,1
DA:35,1
LF:17
LH:17
end_of_record
SF:lib/presentation/provider/movie_images_notifier.dart
DA:10,1
DA:13,2
DA:16,2
DA:19,2
DA:21,1
DA:22,1
DA:23,1
DA:25,3
DA:26,1
DA:27,1
DA:28,1
DA:29,2
DA:30,1
DA:32,1
DA:33,1
DA:34,1
DA:35,1
LF:17
LH:17
end_of_record
SF:lib/presentation/provider/popular_movies_notifier.dart
DA:10,1
DA:13,2
DA:16,2
DA:19,2
DA:21,1
DA:22,1
DA:23,1
DA:25,3
DA:27,1
DA:28,1
DA:29,2
DA:30,1
DA:31,1
DA:33,1
DA:34,1
DA:35,1
DA:36,1
LF:17
LH:17
end_of_record
SF:lib/presentation/provider/top_rated_movies_notifier.dart
DA:10,1
DA:13,2
DA:16,2
DA:19,2
DA:21,1
DA:22,1
DA:23,1
DA:25,3
DA:27,1
DA:28,1
DA:29,2
DA:30,1
DA:31,1
DA:33,1
DA:34,1
DA:35,1
DA:36,1
LF:17
LH:17
end_of_record
SF:lib/presentation/pages/movie_detail_page.dart
DA:20,1
DA:22,1
DA:23,1
DA:27,1
DA:29,1
DA:31,2
DA:32,2
DA:33,3
DA:35,2
DA:36,3
DA:40,1
DA:42,1
DA:43,1
DA:44,1
DA:45,2
DA:47,2
DA:48,1
DA:49,1
DA:51,1
DA:52,1
DA:55,0
DA:67,1
DA:72,1
DA:74,1
DA:76,1
DA:78,1
DA:79,1
DA:82,1
DA:83,1
DA:85,1
DA:86,1
DA:97,1
DA:98,3
DA:102,1
DA:103,3
DA:104,3
DA:111,1
DA:112,1
DA:115,1
DA:117,1
DA:119,1
DA:120,1
DA:121,2
DA:122,2
DA:128,1
DA:129,1
DA:130,1
DA:135,1
DA:136,1
DA:137,1
DA:139,1
DA:140,4
DA:148,1
DA:149,1
DA:156,1
DA:157,4
DA:165,1
DA:166,3
DA:176,1
DA:177,3
DA:188,1
DA:190,1
DA:191,1
DA:192,2
DA:193,2
DA:195,0
DA:196,0
DA:199,1
DA:200,1
DA:202,1
DA:203,1
DA:204,2
DA:205,2
DA:208,1
DA:210,1
DA:211,1
DA:212,1
DA:218,1
DA:220,1
DA:221,1
DA:225,1
DA:226,1
DA:229,1
DA:230,1
DA:237,1
DA:238,2
DA:239,1
DA:240,3
DA:246,1
DA:247,2
DA:255,1
DA:256,4
DA:269,1
DA:271,1
DA:272,1
DA:275,1
DA:276,1
DA:287,1
DA:289,1
DA:295,1
DA:297,2
DA:298,3
DA:301,1
DA:305,3
DA:308,1
DA:309,1
DA:310,1
DA:312,1
DA:313,1
DA:315,0
DA:319,1
DA:320,1
DA:321,1
DA:322,2
DA:323,1
DA:324,1
DA:325,0
DA:326,0
DA:327,0
DA:330,0
DA:331,0
DA:332,0
DA:340,0
DA:341,0
DA:347,0
DA:350,0
DA:351,0
DA:352,0
DA:353,0
DA:356,0
DA:358,0
DA:361,0
DA:362,0
DA:364,0
DA:372,2
DA:374,1
DA:378,3
DA:381,0
DA:382,0
LF:139
LH:115
end_of_record
SF:lib/presentation/widgets/minimal_detail.dart
DA:13,0
DA:18,0
DA:20,0
DA:22,0
DA:24,0
DA:25,0
DA:26,0
DA:28,0
DA:30,0
DA:31,0
DA:33,0
DA:34,0
DA:35,0
DA:36,0
DA:37,0
DA:40,0
DA:45,0
DA:47,0
DA:49,0
DA:50,0
DA:52,0
DA:53,0
DA:55,0
DA:56,0
DA:63,0
DA:64,0
DA:65,0
DA:68,0
DA:69,0
DA:70,0
DA:76,0
DA:77,0
DA:78,0
DA:79,0
DA:89,0
DA:90,0
DA:91,0
DA:96,0
DA:98,0
DA:100,0
DA:109,0
DA:113,0
DA:114,0
DA:131,0
DA:133,0
DA:134,0
DA:135,0
DA:136,0
DA:139,0
DA:142,0
DA:144,0
DA:145,0
DA:155,0
LF:53
LH:0
end_of_record
SF:lib/presentation/pages/top_rated_movies_page.dart
DA:12,1
DA:14,1
DA:15,1
DA:19,1
DA:21,1
DA:23,2
DA:24,2
DA:25,1
DA:29,1
DA:31,1
DA:33,1
DA:35,1
DA:38,1
DA:40,1
DA:41,1
DA:42,2
DA:46,2
DA:47,1
DA:50,1
DA:52,0
DA:53,0
DA:54,0
DA:58,2
DA:62,1
DA:64,2
LF:25
LH:22
end_of_record
SF:lib/presentation/widgets/item_card_list.dart
DA:11,0
DA:14,0
DA:16,0
DA:18,0
DA:19,0
DA:20,0
DA:23,0
DA:26,0
DA:29,0
DA:30,0
DA:31,0
DA:33,0
DA:34,0
DA:35,0
DA:36,0
DA:37,0
DA:38,0
DA:39,0
DA:40,0
DA:42,0
DA:45,0
DA:50,0
DA:52,0
DA:54,0
DA:55,0
DA:56,0
DA:58,0
DA:62,0
DA:63,0
DA:64,0
DA:69,0
DA:71,0
DA:73,0
DA:82,0
DA:83,0
DA:88,0
DA:89,0
LF:37
LH:0
end_of_record
SF:lib/presentation/pages/popular_movies_page.dart
DA:12,1
DA:14,1
DA:15,1
DA:19,1
DA:21,1
DA:23,2
DA:24,2
DA:25,1
DA:29,1
DA:31,1
DA:33,1
DA:35,1
DA:38,1
DA:40,1
DA:41,1
DA:42,2
DA:46,2
DA:47,1
DA:50,1
DA:52,0
DA:53,0
DA:54,0
DA:58,2
DA:62,1
DA:64,2
LF:25
LH:22
end_of_record
SF:lib/presentation/provider/movie_list_notifier.dart
DA:11,2
DA:14,2
DA:17,2
DA:20,2
DA:23,2
DA:26,2
DA:29,2
DA:31,1
DA:41,1
DA:42,1
DA:43,1
DA:45,3
DA:46,1
DA:47,1
DA:48,1
DA:49,2
DA:50,1
DA:52,1
DA:53,1
DA:54,1
DA:55,1
DA:60,1
DA:61,1
DA:62,1
DA:64,3
DA:65,1
DA:66,1
DA:67,1
DA:68,2
DA:69,1
DA:71,1
DA:72,1
DA:73,1
DA:74,1
DA:79,1
DA:80,1
DA:81,1
DA:83,3
DA:84,1
DA:85,1
DA:86,1
DA:87,2
DA:88,1
DA:90,1
DA:91,1
DA:92,1
DA:93,1
LF:47
LH:47
end_of_record
