SF:lib/domain/usecases/search_tvs.dart
DA:9,1
DA:11,1
DA:12,2
LF:3
LH:3
end_of_record
SF:lib/domain/usecases/search_movies.dart
DA:9,1
DA:11,1
DA:12,2
LF:3
LH:3
end_of_record
SF:lib/presentation/bloc/search_state.dart
DA:4,2
DA:6,1
DA:7,1
DA:17,2
DA:19,1
DA:20,2
DA:26,1
DA:28,1
DA:29,2
DA:35,1
DA:37,1
DA:38,2
LF:12
LH:12
end_of_record
SF:lib/presentation/bloc/search_event.dart
DA:4,1
DA:6,0
DA:7,0
DA:13,1
DA:15,0
DA:16,0
LF:6
LH:2
end_of_record
SF:lib/presentation/bloc/search_bloc.dart
DA:15,3
DA:16,1
DA:17,1
DA:18,1
DA:20,2
DA:21,3
DA:23,1
DA:24,1
DA:25,3
DA:27,1
DA:28,2
DA:32,1
DA:40,3
DA:41,1
DA:42,1
DA:43,1
DA:45,2
DA:46,3
DA:48,1
DA:49,1
DA:50,3
DA:52,1
DA:53,2
DA:57,1
DA:62,1
DA:63,3
LF:26
LH:26
end_of_record
