SF:lib/data/datasources/tv_remote_data_source.dart
DA:29,1
DA:32,1
DA:33,4
DA:35,2
DA:36,4
DA:38,1
DA:43,1
DA:44,4
DA:46,2
DA:47,4
DA:49,1
DA:54,1
DA:55,4
DA:57,2
DA:58,4
DA:60,1
DA:65,1
DA:66,5
DA:68,2
DA:69,3
DA:71,1
DA:76,1
DA:80,3
DA:81,2
DA:84,2
DA:85,3
DA:86,1
DA:88,1
DA:93,1
DA:94,5
DA:96,2
DA:97,4
DA:99,1
DA:104,1
DA:105,5
DA:107,2
DA:108,4
DA:110,1
DA:115,1
DA:116,5
DA:118,2
DA:119,3
DA:121,1
LF:43
LH:43
end_of_record
SF:lib/data/models/media_image_model.dart
DA:11,2
DA:18,1
DA:19,1
DA:20,1
DA:21,1
DA:22,4
DA:24,1
DA:25,4
DA:27,1
DA:28,4
DA:32,2
DA:33,1
DA:34,1
DA:35,1
DA:36,1
DA:39,1
DA:40,1
DA:41,1
DA:42,1
DA:43,1
DA:44,1
LF:21
LH:21
end_of_record
SF:lib/data/models/tv_detail_response.dart
DA:19,4
DA:33,2
DA:34,2
DA:35,2
DA:36,8
DA:37,2
DA:38,2
DA:39,8
DA:40,2
DA:41,2
DA:42,2
DA:43,2
DA:44,2
DA:45,2
DA:46,2
DA:49,2
DA:50,1
DA:51,4
DA:52,1
DA:53,5
DA:54,1
DA:55,1
DA:56,1
DA:57,1
DA:58,1
DA:59,1
DA:60,1
DA:63,4
DA:64,2
DA:65,2
DA:66,2
DA:67,10
DA:68,2
DA:69,2
DA:70,2
DA:71,2
DA:72,2
DA:73,2
DA:74,2
DA:77,2
DA:78,2
DA:79,2
DA:80,2
DA:81,2
DA:82,2
DA:83,2
DA:84,2
DA:85,2
DA:86,2
DA:87,2
DA:88,2
DA:89,2
LF:52
LH:52
end_of_record
SF:lib/data/models/tv_response.dart
DA:8,3
DA:10,4
DA:11,4
DA:12,6
DA:13,4
DA:14,4
DA:17,2
DA:18,5
DA:21,1
DA:22,2
LF:10
LH:10
end_of_record
SF:lib/data/models/tv_season_episode_response.dart
DA:8,3
DA:12,2
DA:13,2
DA:14,4
DA:15,6
DA:16,6
DA:19,2
DA:20,5
DA:23,1
DA:24,1
DA:25,1
LF:11
LH:11
end_of_record
SF:lib/data/datasources/db/tv_database_helper.dart
DA:9,0
DA:13,0
DA:17,0
DA:18,0
DA:24,0
DA:25,0
DA:26,0
DA:28,0
DA:32,0
DA:33,0
DA:42,0
DA:45,0
DA:46,0
DA:47,0
DA:50,0
DA:51,0
DA:52,0
DA:55,0
DA:59,0
DA:60,0
DA:61,0
DA:64,0
DA:67,0
DA:68,0
DA:74,0
DA:75,0
DA:77,0
LF:27
LH:0
end_of_record
SF:lib/data/datasources/tv_local_data_source.dart
DA:16,1
DA:19,1
DA:21,3
DA:24,2
DA:29,1
DA:31,3
DA:34,2
DA:39,1
DA:40,3
DA:42,1
DA:49,1
DA:50,3
DA:51,4
LF:13
LH:13
end_of_record
SF:lib/data/models/tv_model.dart
DA:16,5
DA:28,4
DA:29,2
DA:30,2
DA:31,8
DA:32,2
DA:33,2
DA:34,2
DA:35,2
DA:36,4
DA:37,2
DA:40,2
DA:41,1
DA:42,1
DA:43,4
DA:44,1
DA:45,1
DA:46,1
DA:47,1
DA:48,1
DA:49,1
DA:52,4
DA:53,2
DA:54,2
DA:55,2
DA:56,2
DA:57,2
DA:58,2
DA:59,2
DA:60,2
DA:61,2
DA:64,2
DA:65,2
DA:66,2
DA:67,2
DA:68,2
DA:69,2
DA:70,2
DA:71,2
DA:72,2
DA:73,2
DA:74,2
LF:42
LH:42
end_of_record
SF:lib/data/models/tv_season_episode_model.dart
DA:16,4
DA:28,2
DA:29,2
DA:30,2
DA:31,2
DA:32,2
DA:33,2
DA:34,2
DA:35,2
DA:36,2
DA:37,2
DA:38,2
DA:41,2
DA:42,1
DA:43,1
DA:44,1
DA:45,1
DA:46,1
DA:47,1
DA:48,1
DA:49,1
DA:50,1
DA:53,2
DA:54,1
DA:55,1
DA:56,1
DA:57,1
DA:58,1
DA:59,1
DA:60,1
DA:61,1
DA:62,1
DA:65,2
DA:66,2
DA:67,2
DA:68,2
DA:69,2
DA:70,2
DA:71,2
DA:72,2
DA:73,2
DA:74,2
DA:75,2
LF:43
LH:43
end_of_record
SF:lib/data/models/tv_table.dart
DA:14,14
DA:23,2
DA:24,1
DA:25,1
DA:26,1
DA:27,1
DA:28,1
DA:29,1
DA:32,2
DA:33,1
DA:34,1
DA:35,1
DA:36,1
DA:37,1
DA:38,1
DA:41,0
DA:42,0
DA:43,0
DA:44,0
DA:45,0
DA:46,0
DA:47,0
DA:50,2
DA:51,1
DA:52,1
DA:53,1
DA:54,1
DA:55,1
DA:56,1
DA:59,2
DA:60,2
DA:61,2
DA:62,2
DA:63,2
DA:64,2
DA:65,2
DA:66,2
LF:37
LH:30
end_of_record
SF:lib/domain/entities/media_image.dart
DA:9,13
DA:16,1
DA:17,5
LF:3
LH:3
end_of_record
SF:lib/domain/entities/tv.dart
DA:15,7
DA:27,2
DA:36,2
DA:37,2
DA:38,2
DA:39,2
DA:40,2
DA:41,2
DA:42,2
DA:43,2
DA:44,2
DA:45,2
DA:46,2
LF:13
LH:13
end_of_record
SF:lib/domain/entities/tv_detail.dart
DA:18,15
DA:32,2
DA:33,2
DA:34,2
DA:35,2
DA:36,2
DA:37,2
DA:38,2
DA:39,2
DA:40,2
DA:41,2
DA:42,2
DA:43,2
DA:44,2
LF:14
LH:14
end_of_record
SF:lib/domain/entities/tv_season_episode.dart
DA:14,15
DA:26,1
DA:27,1
DA:28,1
DA:29,1
DA:30,1
DA:31,1
DA:32,1
DA:33,1
DA:34,1
DA:35,1
DA:36,1
LF:12
LH:12
end_of_record
SF:lib/data/models/genre_model.dart
DA:9,4
DA:14,4
DA:15,2
DA:16,2
DA:19,2
DA:20,1
DA:21,1
DA:24,4
DA:25,2
DA:26,2
DA:29,2
DA:30,6
LF:12
LH:12
end_of_record
SF:lib/domain/entities/genre.dart
DA:7,15
DA:12,2
DA:13,6
LF:3
LH:3
end_of_record
SF:lib/data/repositories/tv_repository_impl.dart
DA:20,1
DA:26,1
DA:28,3
DA:29,5
DA:30,1
DA:32,1
DA:38,1
DA:40,3
DA:41,5
DA:42,1
DA:44,1
DA:50,1
DA:52,3
DA:53,5
DA:54,1
DA:56,1
DA:62,1
DA:64,3
DA:65,2
DA:66,1
DA:68,1
DA:74,1
DA:80,3
DA:81,3
DA:82,1
DA:84,1
DA:90,1
DA:92,3
DA:93,3
DA:94,1
DA:96,1
DA:102,1
DA:104,3
DA:105,5
DA:106,1
DA:108,1
DA:114,1
DA:116,3
DA:117,2
DA:118,1
DA:120,1
DA:126,1
DA:129,4
DA:130,1
DA:131,1
DA:132,3
DA:139,1
DA:142,4
DA:143,1
DA:144,1
DA:145,3
DA:152,1
DA:153,3
DA:158,1
DA:159,3
DA:160,5
LF:56
LH:56
end_of_record
SF:lib/domain/usecases/get_tv_watchlist_status.dart
DA:6,1
DA:10,1
DA:11,2
LF:3
LH:3
end_of_record
SF:lib/domain/usecases/get_popular_tvs.dart
DA:10,1
DA:12,1
DA:13,2
LF:3
LH:3
end_of_record
SF:lib/domain/usecases/get_top_rated_tvs.dart
DA:10,1
DA:12,1
DA:13,2
LF:3
LH:3
end_of_record
SF:lib/domain/usecases/get_on_the_air_tvs.dart
DA:10,1
DA:12,1
DA:13,2
LF:3
LH:3
end_of_record
SF:lib/domain/usecases/get_tv_recommendations.dart
DA:10,1
DA:12,1
DA:13,2
LF:3
LH:3
end_of_record
SF:lib/domain/usecases/get_watchlist_tvs.dart
DA:10,1
DA:12,1
DA:13,2
LF:3
LH:3
end_of_record
SF:lib/domain/usecases/get_tv_season_episodes.dart
DA:10,1
DA:12,1
DA:13,2
LF:3
LH:3
end_of_record
SF:lib/domain/usecases/remove_watchlist_tv.dart
DA:10,1
DA:12,1
DA:13,2
LF:3
LH:3
end_of_record
SF:lib/domain/usecases/save_watchlist_tv.dart
DA:10,1
DA:12,1
DA:13,2
LF:3
LH:3
end_of_record
SF:lib/domain/usecases/get_tv_images.dart
DA:10,1
DA:12,1
DA:13,2
LF:3
LH:3
end_of_record
SF:lib/domain/usecases/get_tv_detail.dart
DA:10,1
DA:12,1
DA:13,2
LF:3
LH:3
end_of_record
SF:lib/presentation/provider/tv_season_episodes_notifier.dart
DA:10,1
DA:13,2
DA:16,2
DA:19,2
DA:21,1
DA:22,1
DA:23,1
DA:26,3
DA:28,1
DA:29,1
DA:30,1
DA:31,2
DA:32,1
DA:34,1
DA:35,1
DA:36,1
DA:37,1
LF:17
LH:17
end_of_record
SF:lib/presentation/pages/popular_tvs_page.dart
DA:12,1
DA:14,1
DA:15,1
DA:19,1
DA:21,1
DA:22,2
DA:23,2
DA:24,1
DA:27,1
DA:29,1
DA:31,1
DA:33,1
DA:36,1
DA:38,1
DA:39,1
DA:40,2
DA:44,2
DA:45,1
DA:48,1
DA:50,2
DA:51,0
DA:52,0
DA:53,0
DA:58,1
DA:60,2
LF:25
LH:22
end_of_record
SF:lib/presentation/provider/popular_tvs_notifier.dart
DA:10,1
DA:13,2
DA:16,2
DA:19,2
DA:21,1
DA:22,1
DA:23,1
DA:25,3
DA:26,1
DA:27,1
DA:28,1
DA:29,2
DA:30,1
DA:32,1
DA:33,1
DA:34,1
DA:35,1
LF:17
LH:17
end_of_record
SF:lib/presentation/widgets/item_card_list.dart
DA:11,0
DA:14,0
DA:16,0
DA:18,0
DA:19,0
DA:20,0
DA:23,0
DA:26,0
DA:29,0
DA:30,0
DA:31,0
DA:33,0
DA:34,0
DA:35,0
DA:36,0
DA:37,0
DA:38,0
DA:39,0
DA:40,0
DA:43,0
DA:48,0
DA:50,0
DA:52,0
DA:53,0
DA:54,0
DA:56,0
DA:60,0
DA:61,0
DA:62,0
DA:67,0
DA:69,0
DA:71,0
DA:80,0
DA:81,0
DA:86,0
DA:87,0
LF:36
LH:0
end_of_record
SF:lib/presentation/pages/tv_detail_page.dart
DA:20,1
DA:22,1
DA:23,1
DA:27,1
DA:29,1
DA:30,2
DA:31,2
DA:32,3
DA:33,2
DA:34,3
DA:35,2
DA:36,3
DA:40,1
DA:42,1
DA:43,1
DA:44,1
DA:45,2
DA:47,2
DA:48,1
DA:49,1
DA:51,1
DA:52,1
DA:53,1
DA:56,0
DA:69,1
DA:75,1
DA:77,1
DA:78,1
DA:88,1
DA:90,1
DA:91,2
DA:92,4
DA:93,2
DA:97,1
DA:99,1
DA:101,1
DA:102,1
DA:105,1
DA:106,1
DA:107,1
DA:108,1
DA:119,1
DA:120,3
DA:124,1
DA:125,3
DA:126,4
DA:133,1
DA:134,1
DA:137,1
DA:139,1
DA:141,1
DA:142,1
DA:143,3
DA:144,2
DA:150,1
DA:151,1
DA:152,1
DA:157,1
DA:158,1
DA:159,1
DA:161,1
DA:162,5
DA:170,1
DA:171,1
DA:178,1
DA:179,5
DA:187,1
DA:188,4
DA:198,1
DA:199,4
DA:208,1
DA:209,5
DA:220,1
DA:222,1
DA:223,2
DA:224,2
DA:226,3
DA:228,0
DA:230,0
DA:234,1
DA:235,1
DA:237,1
DA:239,1
DA:241,1
DA:242,3
DA:244,1
DA:246,1
DA:247,1
DA:248,1
DA:254,1
DA:256,1
DA:257,2
DA:261,1
DA:262,2
DA:265,1
DA:266,2
DA:273,1
DA:274,2
DA:275,1
DA:277,1
DA:278,3
DA:284,1
DA:285,3
DA:293,1
DA:294,5
DA:307,1
DA:309,1
DA:310,1
DA:312,1
DA:313,1
DA:323,1
DA:324,2
DA:325,2
DA:331,2
DA:332,2
DA:333,0
DA:334,0
DA:335,0
DA:340,2
DA:341,1
DA:343,1
DA:344,1
DA:346,1
DA:347,1
DA:348,1
DA:349,1
DA:351,1
DA:352,1
DA:354,1
DA:355,0
DA:356,0
DA:357,0
DA:360,0
DA:363,0
DA:364,0
DA:365,0
DA:368,1
DA:369,1
DA:370,2
DA:372,1
DA:373,1
DA:380,1
DA:381,1
DA:395,2
DA:396,2
DA:397,0
DA:398,0
DA:399,0
DA:404,2
DA:405,1
DA:407,1
DA:409,0
DA:411,0
DA:418,1
DA:420,2
DA:421,3
DA:424,1
DA:428,3
DA:431,1
DA:432,1
DA:433,1
DA:435,1
DA:436,1
DA:438,0
DA:442,0
DA:443,0
DA:444,0
DA:445,0
DA:446,0
DA:447,0
DA:448,0
DA:449,0
DA:450,0
DA:453,0
DA:454,0
DA:455,0
DA:463,0
DA:464,0
DA:470,0
DA:473,0
DA:474,0
DA:475,0
DA:476,0
DA:479,0
DA:481,0
DA:484,0
DA:485,0
DA:487,0
DA:496,0
DA:498,0
DA:503,0
DA:508,0
DA:509,0
DA:519,1
DA:520,1
DA:521,1
DA:522,2
DA:523,2
DA:532,0
DA:533,0
DA:534,0
DA:535,0
DA:536,0
DA:539,0
DA:541,0
DA:543,0
DA:544,0
DA:545,0
DA:546,0
DA:547,0
DA:551,0
DA:553,0
DA:554,0
DA:555,0
DA:559,0
DA:565,0
DA:567,0
DA:570,0
DA:571,0
DA:573,0
DA:574,0
DA:581,0
DA:582,0
DA:583,0
DA:584,0
DA:597,0
DA:599,0
DA:600,0
DA:613,0
DA:617,0
DA:618,0
LF:231
LH:150
end_of_record
SF:lib/presentation/provider/tv_detail_notifier.dart
DA:22,1
DA:31,2
DA:34,2
DA:37,2
DA:40,2
DA:43,2
DA:46,2
DA:49,2
DA:51,1
DA:52,1
DA:53,1
DA:55,3
DA:56,3
DA:58,1
DA:59,1
DA:60,1
DA:61,2
DA:62,1
DA:64,1
DA:65,1
DA:66,1
DA:67,1
DA:68,1
DA:69,1
DA:70,1
DA:71,1
DA:72,2
DA:74,1
DA:75,1
DA:76,1
DA:79,1
DA:84,1
DA:85,3
DA:87,2
DA:88,1
DA:89,2
DA:91,1
DA:92,1
DA:96,3
DA:99,1
DA:100,3
DA:102,2
DA:103,0
DA:104,0
DA:106,1
DA:107,1
DA:111,3
DA:114,1
DA:115,3
DA:116,1
DA:117,1
LF:51
LH:49
end_of_record
SF:lib/presentation/widgets/minimal_detail.dart
DA:13,0
DA:18,0
DA:20,0
DA:22,0
DA:24,0
DA:25,0
DA:26,0
DA:28,0
DA:30,0
DA:31,0
DA:33,0
DA:34,0
DA:35,0
DA:36,0
DA:37,0
DA:39,0
DA:42,0
DA:48,0
DA:50,0
DA:52,0
DA:53,0
DA:55,0
DA:56,0
DA:58,0
DA:59,0
DA:66,0
DA:67,0
DA:68,0
DA:71,0
DA:72,0
DA:73,0
DA:79,0
DA:81,0
DA:82,0
DA:84,0
DA:94,0
DA:95,0
DA:96,0
DA:101,0
DA:103,0
DA:105,0
DA:114,0
DA:115,0
DA:120,0
DA:121,0
DA:138,0
DA:140,0
DA:141,0
DA:142,0
DA:143,0
DA:146,0
DA:149,0
DA:151,0
DA:152,0
DA:162,0
LF:55
LH:0
end_of_record
SF:lib/presentation/provider/tv_list_notifier.dart
DA:11,2
DA:14,2
DA:17,2
DA:20,2
DA:23,2
DA:26,2
DA:29,2
DA:35,1
DA:41,1
DA:42,1
DA:43,1
DA:45,3
DA:46,1
DA:47,1
DA:48,1
DA:49,2
DA:50,1
DA:52,1
DA:53,1
DA:54,1
DA:55,1
DA:60,1
DA:61,1
DA:62,1
DA:64,3
DA:65,1
DA:66,1
DA:67,1
DA:68,2
DA:69,1
DA:71,1
DA:72,1
DA:73,1
DA:74,1
DA:79,1
DA:80,1
DA:81,1
DA:83,3
DA:84,1
DA:85,1
DA:86,1
DA:87,2
DA:88,1
DA:90,1
DA:91,1
DA:92,1
DA:93,1
LF:47
LH:47
end_of_record
SF:lib/presentation/provider/tv_images_notifier.dart
DA:10,1
DA:13,2
DA:16,2
DA:19,2
DA:21,1
DA:22,1
DA:23,1
DA:25,3
DA:26,1
DA:27,1
DA:28,1
DA:29,2
DA:30,1
DA:32,1
DA:33,1
DA:34,1
DA:35,1
LF:17
LH:17
end_of_record
SF:lib/presentation/provider/watchlist_tv_provider.dart
DA:10,1
DA:13,2
DA:16,2
DA:19,2
DA:21,1
DA:22,1
DA:23,1
DA:25,3
DA:26,1
DA:27,1
DA:28,1
DA:29,2
DA:30,1
DA:32,1
DA:33,1
DA:34,1
DA:35,1
LF:17
LH:17
end_of_record
SF:lib/presentation/provider/top_rated_tvs_notifier.dart
DA:10,1
DA:13,2
DA:16,2
DA:19,2
DA:21,1
DA:22,1
DA:23,1
DA:25,3
DA:26,1
DA:27,1
DA:28,1
DA:29,2
DA:30,1
DA:32,1
DA:33,1
DA:34,1
DA:35,1
LF:17
LH:17
end_of_record
SF:lib/presentation/pages/top_rated_tvs_page.dart
DA:12,1
DA:14,1
DA:15,1
DA:19,1
DA:21,1
DA:22,2
DA:23,2
DA:24,1
DA:27,1
DA:29,1
DA:31,1
DA:33,1
DA:36,1
DA:38,1
DA:39,1
DA:40,2
DA:44,2
DA:45,1
DA:48,1
DA:50,2
DA:51,0
DA:52,0
DA:53,0
DA:58,1
DA:60,2
LF:25
LH:22
end_of_record
